# JRE version: OpenJDK Runtime Environment (21.0.8) (build 21.0.8+-14196175-b1038.72)
# Java VM: OpenJDK 64-Bit Server VM (21.0.8+-14196175-b1038.72, mixed mode, tiered, compressed oops, compressed class ptrs, g1 gc, windows-amd64)
GC Precious Log:
 CardTable entry size: 512
 Card Set container configuration: InlinePtr #cards 5 size 8 Array Of Cards #cards 12 size 40 Howl #buckets 4 coarsen threshold 1843 Howl Bitmap #cards 512 size 80 coarsen threshold 460 Card regions per heap region 1 cards per card region 2048
 CPUs: 14 total, 14 available
 Memory: 15828M
 Large Page Support: Disabled
 NUMA Support: Disabled
 Compressed Oops: Enabled (32-bit)
 Heap Region Size: 1M
 Heap Min Capacity: 8M
 Heap Initial Capacity: 248M
 Heap Max Capacity: 2G
 Pre-touch: Disabled
 Parallel Workers: 11
 Concurrent Workers: 3
 Concurrent Refinement Workers: 11
 Periodic GC: Disabled
Heap:
 garbage-first heap   total 119808K, used 97366K [0x0000000080000000, 0x0000000100000000)
  region size 1024K, 27 young (27648K), 4 survivors (4096K)
 Metaspace       used 92216K, committed 94080K, reserved 557056K
  class space    used 13073K, committed 13952K, reserved 425984K
GC Heap History (20 events):
Event: 12.865 GC heap before
{Heap before GC invocations=16 (full 0):
 garbage-first heap   total 87040K, used 75413K [0x0000000080000000, 0x0000000100000000)
  region size 1024K, 37 young (37888K), 5 survivors (5120K)
 Metaspace       used 67799K, committed 69376K, reserved 491520K
  class space    used 9622K, committed 10368K, reserved 425984K
}
Event: 12.870 GC heap after
{Heap after GC invocations=17 (full 0):
 garbage-first heap   total 87040K, used 44176K [0x0000000080000000, 0x0000000100000000)
  region size 1024K, 4 young (4096K), 4 survivors (4096K)
 Metaspace       used 67799K, committed 69376K, reserved 491520K
  class space    used 9622K, committed 10368K, reserved 425984K
}
Event: 13.370 GC heap before
{Heap before GC invocations=17 (full 0):
 garbage-first heap   total 87040K, used 75920K [0x0000000080000000, 0x0000000100000000)
  region size 1024K, 36 young (36864K), 4 survivors (4096K)
 Metaspace       used 69083K, committed 70656K, reserved 491520K
  class space    used 9805K, committed 10560K, reserved 425984K
}
Event: 13.376 GC heap after
{Heap after GC invocations=18 (full 0):
 garbage-first heap   total 87040K, used 47820K [0x0000000080000000, 0x0000000100000000)
  region size 1024K, 5 young (5120K), 5 survivors (5120K)
 Metaspace       used 69083K, committed 70656K, reserved 491520K
  class space    used 9805K, committed 10560K, reserved 425984K
}
Event: 14.084 GC heap before
{Heap before GC invocations=19 (full 0):
 garbage-first heap   total 87040K, used 79564K [0x0000000080000000, 0x0000000100000000)
  region size 1024K, 33 young (33792K), 5 survivors (5120K)
 Metaspace       used 71837K, committed 73600K, reserved 491520K
  class space    used 10301K, committed 11136K, reserved 425984K
}
Event: 14.089 GC heap after
{Heap after GC invocations=20 (full 0):
 garbage-first heap   total 89088K, used 54327K [0x0000000080000000, 0x0000000100000000)
  region size 1024K, 3 young (3072K), 3 survivors (3072K)
 Metaspace       used 71837K, committed 73600K, reserved 491520K
  class space    used 10301K, committed 11136K, reserved 425984K
}
Event: 14.622 GC heap before
{Heap before GC invocations=20 (full 0):
 garbage-first heap   total 89088K, used 88119K [0x0000000080000000, 0x0000000100000000)
  region size 1024K, 28 young (28672K), 3 survivors (3072K)
 Metaspace       used 74782K, committed 76544K, reserved 491520K
  class space    used 10710K, committed 11584K, reserved 425984K
}
Event: 14.627 GC heap after
{Heap after GC invocations=21 (full 0):
 garbage-first heap   total 94208K, used 64400K [0x0000000080000000, 0x0000000100000000)
  region size 1024K, 4 young (4096K), 4 survivors (4096K)
 Metaspace       used 74782K, committed 76544K, reserved 491520K
  class space    used 10710K, committed 11584K, reserved 425984K
}
Event: 14.973 GC heap before
{Heap before GC invocations=21 (full 0):
 garbage-first heap   total 94208K, used 83856K [0x0000000080000000, 0x0000000100000000)
  region size 1024K, 23 young (23552K), 4 survivors (4096K)
 Metaspace       used 76609K, committed 78400K, reserved 557056K
  class space    used 10957K, committed 11840K, reserved 425984K
}
Event: 14.978 GC heap after
{Heap after GC invocations=22 (full 0):
 garbage-first heap   total 94208K, used 65812K [0x0000000080000000, 0x0000000100000000)
  region size 1024K, 2 young (2048K), 2 survivors (2048K)
 Metaspace       used 76609K, committed 78400K, reserved 557056K
  class space    used 10957K, committed 11840K, reserved 425984K
}
Event: 15.346 GC heap before
{Heap before GC invocations=23 (full 0):
 garbage-first heap   total 111616K, used 85268K [0x0000000080000000, 0x0000000100000000)
  region size 1024K, 21 young (21504K), 2 survivors (2048K)
 Metaspace       used 77803K, committed 79616K, reserved 557056K
  class space    used 11135K, committed 12032K, reserved 425984K
}
Event: 15.350 GC heap after
{Heap after GC invocations=24 (full 0):
 garbage-first heap   total 111616K, used 67212K [0x0000000080000000, 0x0000000100000000)
  region size 1024K, 3 young (3072K), 3 survivors (3072K)
 Metaspace       used 77803K, committed 79616K, reserved 557056K
  class space    used 11135K, committed 12032K, reserved 425984K
}
Event: 15.985 GC heap before
{Heap before GC invocations=24 (full 0):
 garbage-first heap   total 111616K, used 102028K [0x0000000080000000, 0x0000000100000000)
  region size 1024K, 37 young (37888K), 3 survivors (3072K)
 Metaspace       used 79901K, committed 81728K, reserved 557056K
  class space    used 11417K, committed 12288K, reserved 425984K
}
Event: 15.990 GC heap after
{Heap after GC invocations=25 (full 0):
 garbage-first heap   total 111616K, used 67807K [0x0000000080000000, 0x0000000100000000)
  region size 1024K, 5 young (5120K), 5 survivors (5120K)
 Metaspace       used 79901K, committed 81728K, reserved 557056K
  class space    used 11417K, committed 12288K, reserved 425984K
}
Event: 16.727 GC heap before
{Heap before GC invocations=25 (full 0):
 garbage-first heap   total 111616K, used 97503K [0x0000000080000000, 0x0000000100000000)
  region size 1024K, 35 young (35840K), 5 survivors (5120K)
 Metaspace       used 81783K, committed 83648K, reserved 557056K
  class space    used 11693K, committed 12544K, reserved 425984K
}
Event: 16.733 GC heap after
{Heap after GC invocations=26 (full 0):
 garbage-first heap   total 111616K, used 70522K [0x0000000080000000, 0x0000000100000000)
  region size 1024K, 5 young (5120K), 5 survivors (5120K)
 Metaspace       used 81783K, committed 83648K, reserved 557056K
  class space    used 11693K, committed 12544K, reserved 425984K
}
Event: 18.600 GC heap before
{Heap before GC invocations=27 (full 0):
 garbage-first heap   total 119808K, used 97146K [0x0000000080000000, 0x0000000100000000)
  region size 1024K, 32 young (32768K), 5 survivors (5120K)
 Metaspace       used 85454K, committed 87296K, reserved 557056K
  class space    used 12194K, committed 13120K, reserved 425984K
}
Event: 18.606 GC heap after
{Heap after GC invocations=28 (full 0):
 garbage-first heap   total 119808K, used 73616K [0x0000000080000000, 0x0000000100000000)
  region size 1024K, 4 young (4096K), 4 survivors (4096K)
 Metaspace       used 85454K, committed 87296K, reserved 557056K
  class space    used 12194K, committed 13120K, reserved 425984K
}
Event: 22.271 GC heap before
{Heap before GC invocations=28 (full 0):
 garbage-first heap   total 119808K, used 106384K [0x0000000080000000, 0x0000000100000000)
  region size 1024K, 37 young (37888K), 4 survivors (4096K)
 Metaspace       used 90869K, committed 92736K, reserved 557056K
  class space    used 12929K, committed 13824K, reserved 425984K
}
Event: 22.277 GC heap after
{Heap after GC invocations=29 (full 0):
 garbage-first heap   total 119808K, used 74838K [0x0000000080000000, 0x0000000100000000)
  region size 1024K, 4 young (4096K), 4 survivors (4096K)
 Metaspace       used 90869K, committed 92736K, reserved 557056K
  class space    used 12929K, committed 13824K, reserved 425984K
}

